[0.062s] DEBUG:colcon:Command line arguments: ['/usr/bin/colcon', 'build']
[0.062s] DEBUG:colcon:Parsed command line arguments: Namespace(log_base=None, log_level=None, verb_name='build', build_base='build', install_base='install', merge_install=False, symlink_install=False, test_result_base=None, continue_on_error=False, executor='parallel', parallel_workers=12, event_handlers=None, ignore_user_meta=False, metas=['./colcon.meta'], base_paths=['.'], packages_ignore=None, packages_ignore_regex=None, paths=None, packages_up_to=None, packages_up_to_regex=None, packages_above=None, packages_above_and_dependencies=None, packages_above_depth=None, packages_select_by_dep=None, packages_skip_by_dep=None, packages_skip_up_to=None, packages_select_build_failed=False, packages_skip_build_finished=False, packages_select_test_failures=False, packages_skip_test_passed=False, packages_select=None, packages_skip=None, packages_select_regex=None, packages_skip_regex=None, packages_start=None, packages_end=None, allow_overriding=[], cmake_args=None, cmake_target=None, cmake_target_skip_unavailable=False, cmake_clean_cache=False, cmake_clean_first=False, cmake_force_configure=False, ament_cmake_args=None, catkin_cmake_args=None, catkin_skip_building_tests=False, mixin_files=None, mixin=None, verb_parser=<colcon_mixin.mixin.mixin_argument.MixinArgumentDecorator object at 0x7a735ba19c90>, verb_extension=<colcon_core.verb.build.BuildVerb object at 0x7a735bb5beb0>, main=<bound method BuildVerb.main of <colcon_core.verb.build.BuildVerb object at 0x7a735bb5beb0>>, mixin_verb=('build',))
[0.219s] Level 1:colcon.colcon_core.package_discovery:discover_packages(colcon_meta) check parameters
[0.219s] Level 1:colcon.colcon_core.package_discovery:discover_packages(recursive) check parameters
[0.219s] Level 1:colcon.colcon_core.package_discovery:discover_packages(ignore) check parameters
[0.219s] Level 1:colcon.colcon_core.package_discovery:discover_packages(path) check parameters
[0.219s] Level 1:colcon.colcon_core.package_discovery:discover_packages(colcon_meta) discover
[0.219s] Level 1:colcon.colcon_core.package_discovery:discover_packages(recursive) discover
[0.219s] INFO:colcon.colcon_core.package_discovery:Crawling recursively for packages in '/home/traore/Documents/ws/thomas_pursuit'
[0.219s] Level 1:colcon.colcon_core.package_identification:_identify(.) by extensions ['ignore', 'ignore_ament_install']
[0.219s] Level 1:colcon.colcon_core.package_identification:_identify(.) by extension 'ignore'
[0.219s] Level 1:colcon.colcon_core.package_identification:_identify(.) by extension 'ignore_ament_install'
[0.219s] Level 1:colcon.colcon_core.package_identification:_identify(.) by extensions ['colcon_pkg']
[0.219s] Level 1:colcon.colcon_core.package_identification:_identify(.) by extension 'colcon_pkg'
[0.219s] Level 1:colcon.colcon_core.package_identification:_identify(.) by extensions ['colcon_meta']
[0.219s] Level 1:colcon.colcon_core.package_identification:_identify(.) by extension 'colcon_meta'
[0.219s] Level 1:colcon.colcon_core.package_identification:_identify(.) by extensions ['ros']
[0.219s] Level 1:colcon.colcon_core.package_identification:_identify(.) by extension 'ros'
[0.227s] DEBUG:colcon.colcon_core.package_identification:Package '.' with type 'ros.ament_cmake' and name 'thomas_pursuit'
[0.227s] Level 1:colcon.colcon_core.package_discovery:discover_packages(recursive) using defaults
[0.227s] Level 1:colcon.colcon_core.package_discovery:discover_packages(ignore) discover
[0.227s] Level 1:colcon.colcon_core.package_discovery:discover_packages(ignore) using defaults
[0.227s] Level 1:colcon.colcon_core.package_discovery:discover_packages(path) discover
[0.227s] Level 1:colcon.colcon_core.package_discovery:discover_packages(path) using defaults
[0.245s] Level 1:colcon.colcon_core.package_discovery:discover_packages(prefix_path) check parameters
[0.245s] Level 1:colcon.colcon_core.package_discovery:discover_packages(prefix_path) discover
[0.247s] DEBUG:colcon.colcon_installed_package_information.package_discovery:Found 443 installed packages in /opt/ros/humble
[0.248s] Level 1:colcon.colcon_core.package_discovery:discover_packages(prefix_path) using defaults
[0.275s] Level 5:colcon.colcon_core.verb:set package 'thomas_pursuit' build argument 'cmake_args' from command line to 'None'
[0.275s] Level 5:colcon.colcon_core.verb:set package 'thomas_pursuit' build argument 'cmake_target' from command line to 'None'
[0.275s] Level 5:colcon.colcon_core.verb:set package 'thomas_pursuit' build argument 'cmake_target_skip_unavailable' from command line to 'False'
[0.275s] Level 5:colcon.colcon_core.verb:set package 'thomas_pursuit' build argument 'cmake_clean_cache' from command line to 'False'
[0.275s] Level 5:colcon.colcon_core.verb:set package 'thomas_pursuit' build argument 'cmake_clean_first' from command line to 'False'
[0.275s] Level 5:colcon.colcon_core.verb:set package 'thomas_pursuit' build argument 'cmake_force_configure' from command line to 'False'
[0.275s] Level 5:colcon.colcon_core.verb:set package 'thomas_pursuit' build argument 'ament_cmake_args' from command line to 'None'
[0.275s] Level 5:colcon.colcon_core.verb:set package 'thomas_pursuit' build argument 'catkin_cmake_args' from command line to 'None'
[0.275s] Level 5:colcon.colcon_core.verb:set package 'thomas_pursuit' build argument 'catkin_skip_building_tests' from command line to 'False'
[0.275s] DEBUG:colcon.colcon_core.verb:Building package 'thomas_pursuit' with the following arguments: {'ament_cmake_args': None, 'build_base': '/home/traore/Documents/ws/thomas_pursuit/build/thomas_pursuit', 'catkin_cmake_args': None, 'catkin_skip_building_tests': False, 'cmake_args': None, 'cmake_clean_cache': False, 'cmake_clean_first': False, 'cmake_force_configure': False, 'cmake_target': None, 'cmake_target_skip_unavailable': False, 'install_base': '/home/traore/Documents/ws/thomas_pursuit/install/thomas_pursuit', 'merge_install': False, 'path': '/home/traore/Documents/ws/thomas_pursuit', 'symlink_install': False, 'test_result_base': None}
[0.275s] INFO:colcon.colcon_core.executor:Executing jobs using 'parallel' executor
[0.276s] DEBUG:colcon.colcon_parallel_executor.executor.parallel:run_until_complete
[0.276s] INFO:colcon.colcon_ros.task.ament_cmake.build:Building ROS package in '/home/traore/Documents/ws/thomas_pursuit' with build type 'ament_cmake'
[0.276s] INFO:colcon.colcon_cmake.task.cmake.build:Building CMake package in '/home/traore/Documents/ws/thomas_pursuit'
[0.277s] INFO:colcon.colcon_core.plugin_system:Skipping extension 'colcon_core.shell.bat': Not used on non-Windows systems
[0.277s] INFO:colcon.colcon_core.shell:Skip shell extension 'powershell' for command environment: Not usable outside of PowerShell
[0.277s] DEBUG:colcon.colcon_core.shell:Skip shell extension 'dsv' for command environment
[0.282s] DEBUG:colcon.colcon_core.event_handler.log_command:Invoking command in '/home/traore/Documents/ws/thomas_pursuit/build/thomas_pursuit': CMAKE_PREFIX_PATH=/opt/ros/humble /usr/bin/cmake /home/traore/Documents/ws/thomas_pursuit -DCMAKE_INSTALL_PREFIX=/home/traore/Documents/ws/thomas_pursuit/install/thomas_pursuit
[1.544s] DEBUG:colcon.colcon_core.event_handler.log_command:Invoked command in '/home/traore/Documents/ws/thomas_pursuit/build/thomas_pursuit' returned '0': CMAKE_PREFIX_PATH=/opt/ros/humble /usr/bin/cmake /home/traore/Documents/ws/thomas_pursuit -DCMAKE_INSTALL_PREFIX=/home/traore/Documents/ws/thomas_pursuit/install/thomas_pursuit
[1.546s] DEBUG:colcon.colcon_core.event_handler.log_command:Invoking command in '/home/traore/Documents/ws/thomas_pursuit/build/thomas_pursuit': CMAKE_PREFIX_PATH=/opt/ros/humble /usr/bin/cmake --build /home/traore/Documents/ws/thomas_pursuit/build/thomas_pursuit -- -j12 -l12
[4.618s] DEBUG:colcon.colcon_core.event_handler.log_command:Invoked command in '/home/traore/Documents/ws/thomas_pursuit/build/thomas_pursuit' returned '2': CMAKE_PREFIX_PATH=/opt/ros/humble /usr/bin/cmake --build /home/traore/Documents/ws/thomas_pursuit/build/thomas_pursuit -- -j12 -l12
[4.618s] Level 1:colcon.colcon_core.environment:create_environment_scripts_only(thomas_pursuit)
[4.621s] Level 1:colcon.colcon_core.environment:checking '/home/traore/Documents/ws/thomas_pursuit/install/thomas_pursuit' for CMake module files
[4.621s] Level 1:colcon.colcon_core.environment:checking '/home/traore/Documents/ws/thomas_pursuit/install/thomas_pursuit' for CMake config files
[4.621s] Level 1:colcon.colcon_core.environment:checking '/home/traore/Documents/ws/thomas_pursuit/install/thomas_pursuit/bin'
[4.621s] Level 1:colcon.colcon_core.environment:checking '/home/traore/Documents/ws/thomas_pursuit/install/thomas_pursuit/lib/pkgconfig/thomas_pursuit.pc'
[4.622s] Level 1:colcon.colcon_core.environment:checking '/home/traore/Documents/ws/thomas_pursuit/install/thomas_pursuit/lib/python3.10/site-packages'
[4.622s] Level 1:colcon.colcon_core.environment:checking '/home/traore/Documents/ws/thomas_pursuit/install/thomas_pursuit/bin'
[4.622s] INFO:colcon.colcon_core.shell:Creating package script '/home/traore/Documents/ws/thomas_pursuit/install/thomas_pursuit/share/thomas_pursuit/package.ps1'
[4.623s] INFO:colcon.colcon_core.shell:Creating package descriptor '/home/traore/Documents/ws/thomas_pursuit/install/thomas_pursuit/share/thomas_pursuit/package.dsv'
[4.624s] INFO:colcon.colcon_core.shell:Creating package script '/home/traore/Documents/ws/thomas_pursuit/install/thomas_pursuit/share/thomas_pursuit/package.sh'
[4.624s] INFO:colcon.colcon_core.shell:Creating package script '/home/traore/Documents/ws/thomas_pursuit/install/thomas_pursuit/share/thomas_pursuit/package.bash'
[4.625s] INFO:colcon.colcon_core.shell:Creating package script '/home/traore/Documents/ws/thomas_pursuit/install/thomas_pursuit/share/thomas_pursuit/package.zsh'
[4.626s] Level 1:colcon.colcon_core.environment:create_file_with_runtime_dependencies(/home/traore/Documents/ws/thomas_pursuit/install/thomas_pursuit/share/colcon-core/packages/thomas_pursuit)
[4.636s] DEBUG:colcon.colcon_parallel_executor.executor.parallel:closing loop
[4.636s] DEBUG:colcon.colcon_parallel_executor.executor.parallel:loop closed
[4.636s] DEBUG:colcon.colcon_parallel_executor.executor.parallel:run_until_complete finished with '2'
[4.636s] DEBUG:colcon.colcon_core.event_reactor:joining thread
[4.639s] INFO:colcon.colcon_core.plugin_system:Skipping extension 'colcon_notification.desktop_notification.terminal_notifier': Not used on non-Darwin systems
[4.639s] INFO:colcon.colcon_core.plugin_system:Skipping extension 'colcon_notification.desktop_notification.win32': Not used on non-Windows systems
[4.639s] INFO:colcon.colcon_notification.desktop_notification:Sending desktop notification using 'notify2'
[4.655s] DEBUG:colcon.colcon_core.event_reactor:joined thread
[4.655s] INFO:colcon.colcon_core.shell:Creating prefix script '/home/traore/Documents/ws/thomas_pursuit/install/local_setup.ps1'
[4.656s] INFO:colcon.colcon_core.shell:Creating prefix util module '/home/traore/Documents/ws/thomas_pursuit/install/_local_setup_util_ps1.py'
[4.656s] INFO:colcon.colcon_core.shell:Creating prefix chain script '/home/traore/Documents/ws/thomas_pursuit/install/setup.ps1'
[4.657s] INFO:colcon.colcon_core.shell:Creating prefix script '/home/traore/Documents/ws/thomas_pursuit/install/local_setup.sh'
[4.657s] INFO:colcon.colcon_core.shell:Creating prefix util module '/home/traore/Documents/ws/thomas_pursuit/install/_local_setup_util_sh.py'
[4.658s] INFO:colcon.colcon_core.shell:Creating prefix chain script '/home/traore/Documents/ws/thomas_pursuit/install/setup.sh'
[4.658s] INFO:colcon.colcon_core.shell:Creating prefix script '/home/traore/Documents/ws/thomas_pursuit/install/local_setup.bash'
[4.658s] INFO:colcon.colcon_core.shell:Creating prefix chain script '/home/traore/Documents/ws/thomas_pursuit/install/setup.bash'
[4.659s] INFO:colcon.colcon_core.shell:Creating prefix script '/home/traore/Documents/ws/thomas_pursuit/install/local_setup.zsh'
[4.659s] INFO:colcon.colcon_core.shell:Creating prefix chain script '/home/traore/Documents/ws/thomas_pursuit/install/setup.zsh'
