-- Found ament_cmake: 1.3.12 (/opt/ros/humble/share/ament_cmake/cmake)
-- Found rclcpp: 16.0.15 (/opt/ros/humble/share/rclcpp/cmake)
-- Found rosidl_generator_c: 3.1.7 (/opt/ros/humble/share/rosidl_generator_c/cmake)
-- Found rosidl_adapter: 3.1.7 (/opt/ros/humble/share/rosidl_adapter/cmake)
-- Found rosidl_generator_cpp: 3.1.7 (/opt/ros/humble/share/rosidl_generator_cpp/cmake)
-- Using all available rosidl_typesupport_c: rosidl_typesupport_fastrtps_c;rosidl_typesupport_introspection_c
-- Using all available rosidl_typesupport_cpp: rosidl_typesupport_fastrtps_cpp;rosidl_typesupport_introspection_cpp
-- Found rmw_implementation_cmake: 6.1.2 (/opt/ros/humble/share/rmw_implementation_cmake/cmake)
-- Found rmw_fastrtps_cpp: 6.2.9 (/opt/ros/humble/share/rmw_fastrtps_cpp/cmake)
-- Using RMW implementation 'rmw_fastrtps_cpp' as default
-- Found geometry_msgs: 4.9.0 (/opt/ros/humble/share/geometry_msgs/cmake)
-- Found nav_msgs: 4.9.0 (/opt/ros/humble/share/nav_msgs/cmake)
-- Found pluginlib: 5.1.2 (/opt/ros/humble/share/pluginlib/cmake)
-- Found nav2_core: 1.1.19 (/opt/ros/humble/share/nav2_core/cmake)
-- Ensuring Eigen3 include directory is part of orocos-kdl CMake target
-- Found ament_lint_auto: 0.12.14 (/opt/ros/humble/share/ament_lint_auto/cmake)
-- Added test 'cppcheck' to perform static code analysis on C / C++ code
-- Configured cppcheck include dirs: $<BUILD_INTERFACE:/home/traore/Documents/ws/thomas_pursuit/include>
-- Configured cppcheck exclude dirs and/or files: 
-- Added test 'flake8' to check Python code syntax and style conventions
-- Added test 'lint_cmake' to check CMake code style
-- Added test 'pep257' to check Python code against some of the docstring style conventions in PEP 257
-- Added test 'uncrustify' to check C / C++ code style
-- Configured uncrustify additional arguments: 
-- Added test 'xmllint' to check XML markup files
-- Configuring done
-- Generating done
-- Build files have been written to: /home/traore/Documents/ws/thomas_pursuit/build/thomas_pursuit
[35m[1mConsolidate compiler generated dependencies of target thomas_pursuit[0m
[100%] Built target thomas_pursuit
-- Install configuration: ""
-- Up-to-date: /home/traore/Documents/ws/thomas_pursuit/install/thomas_pursuit/share/thomas_pursuit/thomas_pursuit_plugin.xml
-- Up-to-date: /home/traore/Documents/ws/thomas_pursuit/install/thomas_pursuit/share/ament_index/resource_index/package_run_dependencies/thomas_pursuit
-- Installing: /home/traore/Documents/ws/thomas_pursuit/install/thomas_pursuit/share/ament_index/resource_index/parent_prefix_path/thomas_pursuit
-- Up-to-date: /home/traore/Documents/ws/thomas_pursuit/install/thomas_pursuit/share/thomas_pursuit/environment/ament_prefix_path.sh
-- Installing: /home/traore/Documents/ws/thomas_pursuit/install/thomas_pursuit/share/thomas_pursuit/environment/ament_prefix_path.dsv
-- Up-to-date: /home/traore/Documents/ws/thomas_pursuit/install/thomas_pursuit/share/thomas_pursuit/environment/path.sh
-- Installing: /home/traore/Documents/ws/thomas_pursuit/install/thomas_pursuit/share/thomas_pursuit/environment/path.dsv
-- Up-to-date: /home/traore/Documents/ws/thomas_pursuit/install/thomas_pursuit/share/thomas_pursuit/local_setup.bash
-- Up-to-date: /home/traore/Documents/ws/thomas_pursuit/install/thomas_pursuit/share/thomas_pursuit/local_setup.sh
-- Up-to-date: /home/traore/Documents/ws/thomas_pursuit/install/thomas_pursuit/share/thomas_pursuit/local_setup.zsh
-- Installing: /home/traore/Documents/ws/thomas_pursuit/install/thomas_pursuit/share/thomas_pursuit/local_setup.dsv
-- Installing: /home/traore/Documents/ws/thomas_pursuit/install/thomas_pursuit/share/thomas_pursuit/package.dsv
-- Up-to-date: /home/traore/Documents/ws/thomas_pursuit/install/thomas_pursuit/share/ament_index/resource_index/packages/thomas_pursuit
-- Up-to-date: /home/traore/Documents/ws/thomas_pursuit/install/thomas_pursuit/share/ament_index/resource_index/nav2_core__pluginlib__plugin/thomas_pursuit
-- Up-to-date: /home/traore/Documents/ws/thomas_pursuit/install/thomas_pursuit/share/thomas_pursuit/cmake/thomas_pursuitConfig.cmake
-- Up-to-date: /home/traore/Documents/ws/thomas_pursuit/install/thomas_pursuit/share/thomas_pursuit/cmake/thomas_pursuitConfig-version.cmake
-- Installing: /home/traore/Documents/ws/thomas_pursuit/install/thomas_pursuit/share/thomas_pursuit/package.xml
