[0.007s] Invoking command in '/home/traore/Documents/ws/thomas_pursuit/build/thomas_pursuit': CMAKE_PREFIX_PATH=${CMAKE_PREFIX_PATH}:/opt/ros/humble /usr/bin/cmake --build /home/traore/Documents/ws/thomas_pursuit/build/thomas_pursuit -- -j12 -l12
[0.027s] -- Found ament_cmake: 1.3.12 (/opt/ros/humble/share/ament_cmake/cmake)
[0.112s] -- Found rclcpp: 16.0.15 (/opt/ros/humble/share/rclcpp/cmake)
[0.128s] -- Found rosidl_generator_c: 3.1.7 (/opt/ros/humble/share/rosidl_generator_c/cmake)
[0.130s] -- Found rosidl_adapter: 3.1.7 (/opt/ros/humble/share/rosidl_adapter/cmake)
[0.133s] -- Found rosidl_generator_cpp: 3.1.7 (/opt/ros/humble/share/rosidl_generator_cpp/cmake)
[0.139s] -- Using all available rosidl_typesupport_c: rosidl_typesupport_fastrtps_c;rosidl_typesupport_introspection_c
[0.145s] -- Using all available rosidl_typesupport_cpp: rosidl_typesupport_fastrtps_cpp;rosidl_typesupport_introspection_cpp
[0.165s] -- Found rmw_implementation_cmake: 6.1.2 (/opt/ros/humble/share/rmw_implementation_cmake/cmake)
[0.165s] -- Found rmw_fastrtps_cpp: 6.2.9 (/opt/ros/humble/share/rmw_fastrtps_cpp/cmake)
[0.233s] -- Using RMW implementation 'rmw_fastrtps_cpp' as default
[0.261s] -- Found geometry_msgs: 4.9.0 (/opt/ros/humble/share/geometry_msgs/cmake)
[0.267s] -- Found nav_msgs: 4.9.0 (/opt/ros/humble/share/nav_msgs/cmake)
[0.276s] -- Found pluginlib: 5.1.2 (/opt/ros/humble/share/pluginlib/cmake)
[0.285s] -- Found nav2_core: 1.1.19 (/opt/ros/humble/share/nav2_core/cmake)
[0.385s] -- Ensuring Eigen3 include directory is part of orocos-kdl CMake target
[0.497s] -- Found ament_lint_auto: 0.12.14 (/opt/ros/humble/share/ament_lint_auto/cmake)
[0.554s] -- Added test 'cppcheck' to perform static code analysis on C / C++ code
[0.554s] -- Configured cppcheck include dirs: $<BUILD_INTERFACE:/home/traore/Documents/ws/thomas_pursuit/include>
[0.554s] -- Configured cppcheck exclude dirs and/or files: 
[0.555s] -- Added test 'flake8' to check Python code syntax and style conventions
[0.558s] -- Added test 'lint_cmake' to check CMake code style
[0.559s] -- Added test 'pep257' to check Python code against some of the docstring style conventions in PEP 257
[0.569s] -- Added test 'uncrustify' to check C / C++ code style
[0.570s] -- Configured uncrustify additional arguments: 
[0.571s] -- Added test 'xmllint' to check XML markup files
[0.571s] -- Configuring done
[0.597s] -- Generating done
[0.601s] -- Build files have been written to: /home/traore/Documents/ws/thomas_pursuit/build/thomas_pursuit
[0.622s] [35m[1mConsolidate compiler generated dependencies of target thomas_pursuit[0m
[0.637s] [100%] Built target thomas_pursuit
[0.645s] Invoked command in '/home/traore/Documents/ws/thomas_pursuit/build/thomas_pursuit' returned '0': CMAKE_PREFIX_PATH=${CMAKE_PREFIX_PATH}:/opt/ros/humble /usr/bin/cmake --build /home/traore/Documents/ws/thomas_pursuit/build/thomas_pursuit -- -j12 -l12
[0.653s] Invoking command in '/home/traore/Documents/ws/thomas_pursuit/build/thomas_pursuit': CMAKE_PREFIX_PATH=${CMAKE_PREFIX_PATH}:/opt/ros/humble /usr/bin/cmake --install /home/traore/Documents/ws/thomas_pursuit/build/thomas_pursuit
[0.660s] -- Install configuration: ""
[0.660s] -- Up-to-date: /home/traore/Documents/ws/thomas_pursuit/install/thomas_pursuit/share/thomas_pursuit/thomas_pursuit_plugin.xml
[0.660s] -- Up-to-date: /home/traore/Documents/ws/thomas_pursuit/install/thomas_pursuit/share/ament_index/resource_index/package_run_dependencies/thomas_pursuit
[0.660s] -- Installing: /home/traore/Documents/ws/thomas_pursuit/install/thomas_pursuit/share/ament_index/resource_index/parent_prefix_path/thomas_pursuit
[0.660s] -- Up-to-date: /home/traore/Documents/ws/thomas_pursuit/install/thomas_pursuit/share/thomas_pursuit/environment/ament_prefix_path.sh
[0.660s] -- Installing: /home/traore/Documents/ws/thomas_pursuit/install/thomas_pursuit/share/thomas_pursuit/environment/ament_prefix_path.dsv
[0.660s] -- Up-to-date: /home/traore/Documents/ws/thomas_pursuit/install/thomas_pursuit/share/thomas_pursuit/environment/path.sh
[0.661s] -- Installing: /home/traore/Documents/ws/thomas_pursuit/install/thomas_pursuit/share/thomas_pursuit/environment/path.dsv
[0.661s] -- Up-to-date: /home/traore/Documents/ws/thomas_pursuit/install/thomas_pursuit/share/thomas_pursuit/local_setup.bash
[0.661s] -- Up-to-date: /home/traore/Documents/ws/thomas_pursuit/install/thomas_pursuit/share/thomas_pursuit/local_setup.sh
[0.661s] -- Up-to-date: /home/traore/Documents/ws/thomas_pursuit/install/thomas_pursuit/share/thomas_pursuit/local_setup.zsh
[0.661s] -- Installing: /home/traore/Documents/ws/thomas_pursuit/install/thomas_pursuit/share/thomas_pursuit/local_setup.dsv
[0.661s] -- Installing: /home/traore/Documents/ws/thomas_pursuit/install/thomas_pursuit/share/thomas_pursuit/package.dsv
[0.661s] -- Up-to-date: /home/traore/Documents/ws/thomas_pursuit/install/thomas_pursuit/share/ament_index/resource_index/packages/thomas_pursuit
[0.661s] -- Up-to-date: /home/traore/Documents/ws/thomas_pursuit/install/thomas_pursuit/share/ament_index/resource_index/nav2_core__pluginlib__plugin/thomas_pursuit
[0.662s] -- Up-to-date: /home/traore/Documents/ws/thomas_pursuit/install/thomas_pursuit/share/thomas_pursuit/cmake/thomas_pursuitConfig.cmake
[0.662s] -- Up-to-date: /home/traore/Documents/ws/thomas_pursuit/install/thomas_pursuit/share/thomas_pursuit/cmake/thomas_pursuitConfig-version.cmake
[0.662s] -- Installing: /home/traore/Documents/ws/thomas_pursuit/install/thomas_pursuit/share/thomas_pursuit/package.xml
[0.663s] Invoked command in '/home/traore/Documents/ws/thomas_pursuit/build/thomas_pursuit' returned '0': CMAKE_PREFIX_PATH=${CMAKE_PREFIX_PATH}:/opt/ros/humble /usr/bin/cmake --install /home/traore/Documents/ws/thomas_pursuit/build/thomas_pursuit
