[0.008s] Invoking command in '/home/traore/Documents/ws/thomas_pursuit/build/thomas_pursuit': CMAKE_PREFIX_PATH=${CMAKE_PREFIX_PATH}:/opt/ros/humble /usr/bin/cmake --build /home/traore/Documents/ws/thomas_pursuit/build/thomas_pursuit -- -j12 -l12
[0.053s] [100%] Built target thomas_pursuit
[0.062s] Invoked command in '/home/traore/Documents/ws/thomas_pursuit/build/thomas_pursuit' returned '0': CMAKE_PREFIX_PATH=${CMAKE_PREFIX_PATH}:/opt/ros/humble /usr/bin/cmake --build /home/traore/Documents/ws/thomas_pursuit/build/thomas_pursuit -- -j12 -l12
[0.069s] Invoking command in '/home/traore/Documents/ws/thomas_pursuit/build/thomas_pursuit': CMAKE_PREFIX_PATH=${CMAKE_PREFIX_PATH}:/opt/ros/humble /usr/bin/cmake --install /home/traore/Documents/ws/thomas_pursuit/build/thomas_pursuit
[0.076s] -- Install configuration: ""
[0.077s] -- Installing: /home/traore/Documents/ws/thomas_pursuit/install/thomas_pursuit/share/thomas_pursuit/thomas_pursuit_plugin.xml
[0.077s] -- Up-to-date: /home/traore/Documents/ws/thomas_pursuit/install/thomas_pursuit/share/ament_index/resource_index/package_run_dependencies/thomas_pursuit
[0.077s] -- Up-to-date: /home/traore/Documents/ws/thomas_pursuit/install/thomas_pursuit/share/ament_index/resource_index/parent_prefix_path/thomas_pursuit
[0.077s] -- Up-to-date: /home/traore/Documents/ws/thomas_pursuit/install/thomas_pursuit/share/thomas_pursuit/environment/ament_prefix_path.sh
[0.077s] -- Up-to-date: /home/traore/Documents/ws/thomas_pursuit/install/thomas_pursuit/share/thomas_pursuit/environment/ament_prefix_path.dsv
[0.077s] -- Up-to-date: /home/traore/Documents/ws/thomas_pursuit/install/thomas_pursuit/share/thomas_pursuit/environment/path.sh
[0.077s] -- Up-to-date: /home/traore/Documents/ws/thomas_pursuit/install/thomas_pursuit/share/thomas_pursuit/environment/path.dsv
[0.078s] -- Up-to-date: /home/traore/Documents/ws/thomas_pursuit/install/thomas_pursuit/share/thomas_pursuit/local_setup.bash
[0.078s] -- Up-to-date: /home/traore/Documents/ws/thomas_pursuit/install/thomas_pursuit/share/thomas_pursuit/local_setup.sh
[0.078s] -- Up-to-date: /home/traore/Documents/ws/thomas_pursuit/install/thomas_pursuit/share/thomas_pursuit/local_setup.zsh
[0.078s] -- Up-to-date: /home/traore/Documents/ws/thomas_pursuit/install/thomas_pursuit/share/thomas_pursuit/local_setup.dsv
[0.078s] -- Up-to-date: /home/traore/Documents/ws/thomas_pursuit/install/thomas_pursuit/share/thomas_pursuit/package.dsv
[0.078s] -- Up-to-date: /home/traore/Documents/ws/thomas_pursuit/install/thomas_pursuit/share/ament_index/resource_index/packages/thomas_pursuit
[0.078s] -- Up-to-date: /home/traore/Documents/ws/thomas_pursuit/install/thomas_pursuit/share/ament_index/resource_index/nav2_core__pluginlib__plugin/thomas_pursuit
[0.078s] -- Up-to-date: /home/traore/Documents/ws/thomas_pursuit/install/thomas_pursuit/share/thomas_pursuit/cmake/thomas_pursuitConfig.cmake
[0.078s] -- Up-to-date: /home/traore/Documents/ws/thomas_pursuit/install/thomas_pursuit/share/thomas_pursuit/cmake/thomas_pursuitConfig-version.cmake
[0.078s] -- Up-to-date: /home/traore/Documents/ws/thomas_pursuit/install/thomas_pursuit/share/thomas_pursuit/package.xml
[0.079s] Invoked command in '/home/traore/Documents/ws/thomas_pursuit/build/thomas_pursuit' returned '0': CMAKE_PREFIX_PATH=${CMAKE_PREFIX_PATH}:/opt/ros/humble /usr/bin/cmake --install /home/traore/Documents/ws/thomas_pursuit/build/thomas_pursuit
